<?xml version="1.0" encoding="UTF-8"?>
<!-- Generated by org.testng.reporters.JUnitReportReporter -->
<testsuite hostname="DELL" failures="0" tests="4" name="com.testng.demo.UserRegistrationDemo" time="7.755" errors="0" timestamp="2022-09-05T12:24:41 IST" skipped="0">
  <testcase classname="com.testng.demo.UserRegistrationDemo" name="navigateToRegistrationForm" time="2.443"/>
  <system-out/>
  <testcase classname="com.testng.demo.UserRegistrationDemo" name="titleValidation" time="0.067"/>
  <system-out/>
  <testcase classname="com.testng.demo.UserRegistrationDemo" name="userRegistration" time="5.190"/>
  <system-out/>
  <testcase classname="com.testng.demo.UserRegistrationDemo" name="successMessageValidation" time="0.055"/>
  <system-out/>
</testsuite> <!-- com.testng.demo.UserRegistrationDemo -->
