<?xml version="1.0" encoding="UTF-8"?>
<!-- Generated by org.testng.reporters.JUnitReportReporter -->
<testsuite hostname="DELL" failures="0" tests="4" name="com.testng.demo.UserRegistrationDemo" time="10.622" errors="0" timestamp="2022-08-26T11:02:53 IST" skipped="0">
  <testcase classname="com.testng.demo.UserRegistrationDemo" name="navigateToRegistrationForm" time="5.771"/>
  <system-out/>
  <testcase classname="com.testng.demo.UserRegistrationDemo" name="titleValidation" time="0.040"/>
  <system-out/>
  <testcase classname="com.testng.demo.UserRegistrationDemo" name="userRegistration" time="4.763"/>
  <system-out/>
  <testcase classname="com.testng.demo.UserRegistrationDemo" name="successMessageValidation" time="0.048"/>
  <system-out/>
</testsuite> <!-- com.testng.demo.UserRegistrationDemo -->
