<?xml version="1.0" encoding="UTF-8"?>
<!-- Generated by org.testng.reporters.JUnitReportReporter -->
<testsuite hostname="DELL" failures="0" tests="4" name="com.testng.demo.UserRegistrationDemo" time="9.267" errors="0" timestamp="2022-12-20T21:38:08 IST" skipped="0">
  <testcase classname="com.testng.demo.UserRegistrationDemo" name="navigateToRegistrationForm" time="2.810"/>
  <system-out/>
  <testcase classname="com.testng.demo.UserRegistrationDemo" name="titleValidation" time="0.090"/>
  <system-out/>
  <testcase classname="com.testng.demo.UserRegistrationDemo" name="userRegistration" time="6.302"/>
  <system-out/>
  <testcase classname="com.testng.demo.UserRegistrationDemo" name="successMessageValidation" time="0.065"/>
  <system-out/>
</testsuite> <!-- com.testng.demo.UserRegistrationDemo -->
